<?xml version="1.0" encoding="UTF-8"?>
<testsuite name="com.efrei.AppTest" tests="1" skipped="0" failures="0" errors="0" timestamp="2017-10-24T15:23:05" hostname="MacBook-Air-de-Anis.local" time="0.002">
  <properties/>
  <testcase name="testApp" classname="com.efrei.AppTest" time="0.002"/>
  <system-out><![CDATA[]]></system-out>
  <system-err><![CDATA[]]></system-err>
</testsuite>
