<?xml version="1.0" encoding="UTF-8"?>
<testsuite name="com.efrei.AppTest" tests="1" skipped="0" failures="0" errors="0" timestamp="2015-01-10T08:15:08" hostname="esigetel-5fa9ee" time="0.0">
  <properties/>
  <testcase name="testApp" classname="com.efrei.AppTest" time="0.0"/>
  <system-out><![CDATA[]]></system-out>
  <system-err><![CDATA[]]></system-err>
</testsuite>
